<?xml version="1.0" encoding="UTF-8"?>
<testsuite xmlns:xsi="http://www.w3.org/2001/XMLSchema-instance" xsi:noNamespaceSchemaLocation="https://maven.apache.org/surefire/maven-surefire-plugin/xsd/surefire-test-report-3.0.xsd" version="3.0" name="de.gothaer.tiere.SchweinTest" time="0.025" tests="1" errors="0" skipped="0" failures="1">
  <properties>
    <property name="sun.desktop" value="windows"/>
    <property name="awt.toolkit" value="sun.awt.windows.WToolkit"/>
    <property name="java.specification.version" value="11"/>
    <property name="sun.cpu.isalist" value="amd64"/>
    <property name="sun.jnu.encoding" value="Cp1252"/>
    <property name="java.class.path" value="C:\Users\JoachimWagner\git\gothaer\gothaer-tdd-mai-2022\Tag1_02SchweinUebung\target\test-classes;C:\Users\JoachimWagner\git\gothaer\gothaer-tdd-mai-2022\Tag1_02SchweinUebung\target\classes;C:\Users\JoachimWagner\.m2\repository\org\junit\jupiter\junit-jupiter-engine\5.8.2\junit-jupiter-engine-5.8.2.jar;C:\Users\JoachimWagner\.m2\repository\org\junit\platform\junit-platform-engine\1.8.2\junit-platform-engine-1.8.2.jar;C:\Users\JoachimWagner\.m2\repository\org\opentest4j\opentest4j\1.2.0\opentest4j-1.2.0.jar;C:\Users\JoachimWagner\.m2\repository\org\junit\platform\junit-platform-commons\1.8.2\junit-platform-commons-1.8.2.jar;C:\Users\JoachimWagner\.m2\repository\org\junit\jupiter\junit-jupiter-api\5.8.2\junit-jupiter-api-5.8.2.jar;C:\Users\JoachimWagner\.m2\repository\org\apiguardian\apiguardian-api\1.1.2\apiguardian-api-1.1.2.jar;C:\Users\JoachimWagner\.m2\repository\org\junit\jupiter\junit-jupiter-params\5.8.2\junit-jupiter-params-5.8.2.jar;C:\Users\JoachimWagner\.m2\repository\org\junit\platform\junit-platform-launcher\1.6.2\junit-platform-launcher-1.6.2.jar;C:\Users\JoachimWagner\.m2\repository\org\assertj\assertj-core\3.11.1\assertj-core-3.11.1.jar;C:\Users\JoachimWagner\.m2\repository\org\mockito\mockito-core\2.23.4\mockito-core-2.23.4.jar;C:\Users\JoachimWagner\.m2\repository\net\bytebuddy\byte-buddy\1.9.3\byte-buddy-1.9.3.jar;C:\Users\JoachimWagner\.m2\repository\net\bytebuddy\byte-buddy-agent\1.9.3\byte-buddy-agent-1.9.3.jar;C:\Users\JoachimWagner\.m2\repository\org\objenesis\objenesis\2.6\objenesis-2.6.jar;C:\Users\JoachimWagner\.m2\repository\org\mockito\mockito-junit-jupiter\2.23.4\mockito-junit-jupiter-2.23.4.jar;"/>
    <property name="java.vm.vendor" value="Oracle Corporation"/>
    <property name="sun.arch.data.model" value="64"/>
    <property name="user.variant" value=""/>
    <property name="java.vendor.url" value="http://java.oracle.com/"/>
    <property name="user.timezone" value="Europe/Berlin"/>
    <property name="java.vm.specification.version" value="11"/>
    <property name="os.name" value="Windows 10"/>
    <property name="sun.java.launcher" value="SUN_STANDARD"/>
    <property name="user.country" value="DE"/>
    <property name="sun.boot.library.path" value="C:\Program Files\Java\jdk-11.0.2\bin"/>
    <property name="sun.java.command" value="C:\Users\JoachimWagner\AppData\Local\Temp\surefire12825071050613105368\surefirebooter5265424170676511420.jar C:\Users\JoachimWagner\AppData\Local\Temp\surefire12825071050613105368 2022-05-02T11-50-39_955-jvmRun1 surefire4479284098683472970tmp surefire_015085413221928779422tmp"/>
    <property name="jdk.debug" value="release"/>
    <property name="surefire.test.class.path" value="C:\Users\JoachimWagner\git\gothaer\gothaer-tdd-mai-2022\Tag1_02SchweinUebung\target\test-classes;C:\Users\JoachimWagner\git\gothaer\gothaer-tdd-mai-2022\Tag1_02SchweinUebung\target\classes;C:\Users\JoachimWagner\.m2\repository\org\junit\jupiter\junit-jupiter-engine\5.8.2\junit-jupiter-engine-5.8.2.jar;C:\Users\JoachimWagner\.m2\repository\org\junit\platform\junit-platform-engine\1.8.2\junit-platform-engine-1.8.2.jar;C:\Users\JoachimWagner\.m2\repository\org\opentest4j\opentest4j\1.2.0\opentest4j-1.2.0.jar;C:\Users\JoachimWagner\.m2\repository\org\junit\platform\junit-platform-commons\1.8.2\junit-platform-commons-1.8.2.jar;C:\Users\JoachimWagner\.m2\repository\org\junit\jupiter\junit-jupiter-api\5.8.2\junit-jupiter-api-5.8.2.jar;C:\Users\JoachimWagner\.m2\repository\org\apiguardian\apiguardian-api\1.1.2\apiguardian-api-1.1.2.jar;C:\Users\JoachimWagner\.m2\repository\org\junit\jupiter\junit-jupiter-params\5.8.2\junit-jupiter-params-5.8.2.jar;C:\Users\JoachimWagner\.m2\repository\org\junit\platform\junit-platform-launcher\1.6.2\junit-platform-launcher-1.6.2.jar;C:\Users\JoachimWagner\.m2\repository\org\assertj\assertj-core\3.11.1\assertj-core-3.11.1.jar;C:\Users\JoachimWagner\.m2\repository\org\mockito\mockito-core\2.23.4\mockito-core-2.23.4.jar;C:\Users\JoachimWagner\.m2\repository\net\bytebuddy\byte-buddy\1.9.3\byte-buddy-1.9.3.jar;C:\Users\JoachimWagner\.m2\repository\net\bytebuddy\byte-buddy-agent\1.9.3\byte-buddy-agent-1.9.3.jar;C:\Users\JoachimWagner\.m2\repository\org\objenesis\objenesis\2.6\objenesis-2.6.jar;C:\Users\JoachimWagner\.m2\repository\org\mockito\mockito-junit-jupiter\2.23.4\mockito-junit-jupiter-2.23.4.jar;"/>
    <property name="sun.cpu.endian" value="little"/>
    <property name="user.home" value="C:\Users\JoachimWagner"/>
    <property name="user.language" value="de"/>
    <property name="java.specification.vendor" value="Oracle Corporation"/>
    <property name="java.version.date" value="2019-01-15"/>
    <property name="java.home" value="C:\Program Files\Java\jdk-11.0.2"/>
    <property name="file.separator" value="\"/>
    <property name="basedir" value="C:\Users\JoachimWagner\git\gothaer\gothaer-tdd-mai-2022\Tag1_02SchweinUebung"/>
    <property name="java.vm.compressedOopsMode" value="Zero based"/>
    <property name="line.separator" value="&#10;"/>
    <property name="java.specification.name" value="Java Platform API Specification"/>
    <property name="java.vm.specification.vendor" value="Oracle Corporation"/>
    <property name="java.awt.graphicsenv" value="sun.awt.Win32GraphicsEnvironment"/>
    <property name="surefire.real.class.path" value="C:\Users\JoachimWagner\AppData\Local\Temp\surefire12825071050613105368\surefirebooter5265424170676511420.jar"/>
    <property name="jdk.net.URLClassPath.disableClassPathURLCheck" value="true"/>
    <property name="user.script" value=""/>
    <property name="sun.management.compiler" value="HotSpot 64-Bit Tiered Compilers"/>
    <property name="java.runtime.version" value="11.0.2+9"/>
    <property name="user.name" value="JoachimWagner"/>
    <property name="path.separator" value=";"/>
    <property name="os.version" value="10.0"/>
    <property name="java.runtime.name" value="OpenJDK Runtime Environment"/>
    <property name="file.encoding" value="Cp1252"/>
    <property name="java.vm.name" value="OpenJDK 64-Bit Server VM"/>
    <property name="java.vendor.version" value="18.9"/>
    <property name="localRepository" value="C:\Users\JoachimWagner\.m2\repository"/>
    <property name="java.vendor.url.bug" value="http://bugreport.java.com/bugreport/"/>
    <property name="java.io.tmpdir" value="C:\Users\JOACHI~1\AppData\Local\Temp\"/>
    <property name="idea.version" value="2021.3.2"/>
    <property name="java.version" value="11.0.2"/>
    <property name="user.dir" value="C:\Users\JoachimWagner\git\gothaer\gothaer-tdd-mai-2022\Tag1_02SchweinUebung"/>
    <property name="os.arch" value="amd64"/>
    <property name="java.vm.specification.name" value="Java Virtual Machine Specification"/>
    <property name="java.awt.printerjob" value="sun.awt.windows.WPrinterJob"/>
    <property name="sun.os.patch.level" value=""/>
    <property name="java.library.path" value="C:\Program Files\Java\jdk-11.0.2\bin;C:\Windows\Sun\Java\bin;C:\Windows\system32;C:\Windows;C:\Python310\Scripts\;C:\Python310\;C:\Applications\Qt\Tools\mingw900_64\bin;C:\Applications\Qt\6.2.2\mingw_64\bin;C:\Program Files\java\jdk-14.0.2\bin;C:\Program Files\Eclipse Foundation\jdk-8.0.302.8-hotspot\bin;C:\Program Files\Microsoft MPI\Bin\;C:\Windows\system32;C:\Windows;C:\Windows\System32\Wbem;C:\Windows\System32\WindowsPowerShell\v1.0\;C:\Windows\System32\OpenSSH\;C:\Program Files\PuTTY\;C:\Program Files (x86)\Microsoft SQL Server\150\DTS\Binn\;C:\Program Files\Microsoft SQL Server\150\DTS\Binn\;C:\Program Files\Microsoft SQL Server\Client SDK\ODBC\170\Tools\Binn\;C:\Program Files (x86)\Microsoft SQL Server\150\Tools\Binn\;C:\Program Files\Microsoft SQL Server\150\Tools\Binn\;C:\Program Files\Microsoft SQL Server\130\Tools\Binn\;C:\Program Files\Git\cmd;C:\Program Files\CMake\bin;C:\mingw\bin;C:\cygwin64\bin\;C:\Program Files\apache-maven-3.6.3\bin;C:\Applications\sonarqube-8.4.1.35646\bin\windows-x86-64;C:\Applications\sonarqube-8.4.1.35646\sonar-scanner-4.4.0.2170-windows\bin;C:\Applications\google_mock;C:\Program Files\dotnet\;C:\Applications\sonarqube-8.4.2.36762\sonar-scanner-4.6.0.2311-windows\bin;C:\Program Files\Microsoft SQL Server\Client SDK\ODBC\130\Tools\Binn\;C:\Program Files (x86)\Microsoft SQL Server\130\Tools\Binn\;C:\Program Files\Microsoft SQL Server\130\DTS\Binn\;C:\Program Files\Microsoft SQL Server\110\Tools\Binn\;C:\Users\JoachimWagner\.espressif\tools\xtensa-esp32-elf\esp-2020r3-8.4.0\xtensa-esp32-elf\bin;C:\Program Files (x86)\Pico Technology\PicoScope6\;C:\Program Files\TortoiseGit\bin;C:\Program Files\nodejs\;C:\ProgramData\chocolatey\bin;;C:\Program Files\Docker\Docker\resources\bin;C:\ProgramData\DockerDesktop\version-bin;C:\Program Files (x86)\dotnet\;C:\Program Files (x86)\GNU Arm Embedded Toolchain\10 2021.10\bin;C:\Applications\curl-7.76.1-win64-mingw\bin;C:\Users\JoachimWagner\AppData\Local\Microsoft\WindowsApps;C:\Program Files\JetBrains\IntelliJ IDEA Community Edition 2020.2\bin;;C:\Program Files\JetBrains\IntelliJ IDEA 2020.2\bin;;C:\Users\JoachimWagner\.dotnet\tools;C:\Users\JoachimWagner\AppData\Local\Programs\Microsoft VS Code\bin;C:\Program Files\JetBrains\CLion 2021.1.3\bin;;C:\Users\JoachimWagner\.nuget\packages\microsoft.codecoverage\16.5.0\build\netstandard1.0\CodeCoverage;C:\Users\JoachimWagner\AppData\Roaming\npm;."/>
    <property name="java.vendor" value="Oracle Corporation"/>
    <property name="java.vm.info" value="mixed mode"/>
    <property name="java.vm.version" value="11.0.2+9"/>
    <property name="sun.io.unicode.encoding" value="UnicodeLittle"/>
    <property name="java.class.version" value="55.0"/>
  </properties>
  <testcase name="test" classname="de.gothaer.tiere.SchweinTest" time="0.021">
    <failure message="Upps" type="org.opentest4j.AssertionFailedError">org.opentest4j.AssertionFailedError: Upps
	at de.gothaer.tiere.SchweinTest.test(SchweinTest.java:11)
</failure>
  </testcase>
</testsuite>